{
  "RSpec": {
    "coverage": {
      "/Users/corybretsch/turing/mod_1/projects/battle_ship/lib/ship.rb": {
        "lines": [
          1,
          1,
          null,
          1,
          null,
          1,
          33,
          33,
          33,
          null,
          null,
          1,
          12,
          null,
          null,
          1,
          20,
          null,
          null,
          null
        ]
      },
      "/Users/corybretsch/turing/mod_1/projects/battle_ship/lib/cell.rb": {
        "lines": [
          1,
          1,
          null,
          1,
          232,
          232,
          232,
          null,
          null,
          1,
          28,
          null,
          null,
          1,
          13,
          null,
          null,
          1,
          131,
          null,
          null,
          1,
          6,
          6,
          4,
          null,
          null,
          null,
          1,
          70,
          33,
          0,
          33,
          1,
          32,
          1,
          null,
          31,
          null,
          37,
          4,
          33,
          2,
          31,
          3,
          null,
          28,
          null,
          null,
          null
        ]
      },
      "/Users/corybretsch/turing/mod_1/projects/battle_ship/lib/board.rb": {
        "lines": [
          1,
          1,
          null,
          1,
          14,
          null,
          null,
          1,
          14,
          14,
          56,
          224,
          224,
          null,
          null,
          14,
          null,
          null,
          1,
          40,
          null,
          null,
          1,
          50,
          14,
          12,
          null,
          21,
          null,
          null,
          1,
          43,
          43,
          null,
          12,
          null,
          null,
          null,
          1,
          51,
          null,
          null,
          1,
          3,
          12,
          3,
          null,
          0,
          null,
          null,
          null,
          1,
          4,
          4,
          16,
          16,
          64,
          64,
          null,
          16,
          null,
          4,
          null,
          null,
          1,
          0,
          0,
          null,
          null,
          null,
          null
        ]
      },
      "/Users/corybretsch/turing/mod_1/projects/battle_ship/lib/game.rb": {
        "lines": [
          1,
          1,
          null,
          null,
          null,
          null,
          1,
          2,
          2,
          2,
          2,
          null,
          null,
          1,
          0,
          null,
          null,
          1,
          0,
          0,
          null,
          0,
          0,
          0,
          0,
          0,
          0,
          null,
          0,
          0,
          null,
          null,
          null,
          1,
          null,
          1,
          null,
          0,
          null,
          null,
          0,
          0,
          0,
          null,
          0,
          null,
          null,
          1,
          0,
          0,
          null,
          0,
          null,
          null,
          1,
          0,
          0,
          0,
          null,
          null,
          1,
          0,
          0,
          null,
          0,
          null,
          0,
          null,
          null,
          1,
          0,
          0,
          null,
          0,
          0,
          0,
          0,
          0,
          0,
          0,
          null,
          null,
          null,
          null,
          null,
          1,
          0,
          0,
          null,
          0,
          0,
          0,
          0,
          0,
          0,
          0,
          0,
          0,
          null,
          0,
          null,
          null,
          null,
          null,
          null,
          1,
          0,
          0,
          0,
          0,
          null,
          null,
          1,
          0,
          0,
          0,
          0,
          0,
          0,
          0,
          0,
          null,
          0,
          null,
          null,
          null,
          null,
          1,
          0,
          0,
          0,
          0,
          0,
          0,
          0,
          null,
          null,
          null,
          null,
          1,
          0,
          0,
          null,
          0,
          null,
          0,
          null,
          0,
          null,
          null,
          null,
          1,
          0,
          null,
          null,
          null,
          null,
          null
        ]
      },
      "/Users/corybretsch/turing/mod_1/projects/battle_ship/spec/board_spec.rb": {
        "lines": [
          1,
          null,
          1,
          1,
          10,
          10,
          10,
          null,
          null,
          1,
          1,
          1,
          null,
          null,
          1,
          1,
          1,
          null,
          null,
          null,
          1,
          1,
          1,
          1,
          1,
          1,
          null,
          null,
          null,
          1,
          1,
          1,
          1,
          null,
          null,
          1,
          1,
          1,
          1,
          1,
          null,
          null,
          1,
          1,
          1,
          null,
          null,
          1,
          1,
          1,
          null,
          null,
          null,
          1,
          1,
          1,
          1,
          1,
          1,
          null,
          1,
          1,
          1,
          1,
          1,
          1,
          1,
          null,
          null,
          1,
          1,
          null,
          1,
          null,
          null,
          null,
          1,
          1,
          1,
          null,
          1,
          1,
          null,
          1,
          1,
          null,
          1,
          1,
          null,
          1,
          1,
          null,
          1,
          1,
          null,
          1,
          1,
          null,
          null,
          null
        ]
      },
      "/Users/corybretsch/turing/mod_1/projects/battle_ship/spec/cell_spec.rb": {
        "lines": [
          1,
          null,
          1,
          1,
          7,
          7,
          null,
          null,
          1,
          1,
          1,
          null,
          null,
          1,
          1,
          null,
          null,
          1,
          1,
          1,
          null,
          null,
          null,
          1,
          1,
          1,
          1,
          1,
          null,
          null,
          null,
          1,
          1,
          1,
          1,
          1,
          1,
          null,
          null,
          1,
          1,
          1,
          1,
          null,
          null,
          null,
          1,
          1,
          1,
          null,
          1,
          1,
          null,
          1,
          1,
          1,
          1,
          null,
          1,
          1,
          1,
          null,
          1,
          1,
          1,
          1,
          null,
          null,
          null
        ]
      },
      "/Users/corybretsch/turing/mod_1/projects/battle_ship/spec/game_spec.rb": {
        "lines": [
          1,
          null,
          1,
          1,
          2,
          null,
          null,
          1,
          1,
          1,
          null,
          null,
          1,
          1,
          1,
          1,
          1,
          null,
          null,
          null,
          null
        ]
      },
      "/Users/corybretsch/turing/mod_1/projects/battle_ship/spec/ship_spec.rb": {
        "lines": [
          1,
          null,
          1,
          1,
          6,
          null,
          null,
          1,
          1,
          1,
          null,
          null,
          1,
          1,
          null,
          null,
          1,
          1,
          null,
          null,
          1,
          1,
          null,
          null,
          null,
          1,
          1,
          1,
          1,
          null,
          null,
          null,
          1,
          1,
          1,
          1,
          1,
          1,
          1,
          null,
          null,
          null
        ]
      }
    },
    "timestamp": 1716915271
  }
}
